<?xml version="1.0" encoding="UTF-8"?>
<testng-results ignored="0" total="1" passed="1" failed="0" skipped="0">
  <reporter-output>
  </reporter-output>
  <suite started-at="2024-03-26T12:36:58 IST" name="Demoweb" finished-at="2024-03-26T12:37:10 IST" duration-ms="12588">
    <groups>
    </groups>
    <test started-at="2024-03-26T12:36:58 IST" name="Test" finished-at="2024-03-26T12:37:10 IST" duration-ms="12588">
      <class name="Testng.NewTest01">
        <test-method is-config="true" signature="launchurl()[pri:0, instance:Testng.NewTest01@550dbc7a]" started-at="2024-03-26T12:36:58 IST" name="launchurl" finished-at="2024-03-26T12:37:08 IST" duration-ms="10117" status="PASS">
          <reporter-output>
          </reporter-output>
        </test-method> <!-- launchurl -->
        <test-method signature="login()[pri:0, instance:Testng.NewTest01@550dbc7a]" started-at="2024-03-26T12:37:08 IST" name="login" finished-at="2024-03-26T12:37:10 IST" duration-ms="2106" status="PASS">
          <reporter-output>
          </reporter-output>
        </test-method> <!-- login -->
        <test-method is-config="true" signature="close()[pri:0, instance:Testng.NewTest01@550dbc7a]" started-at="2024-03-26T12:37:10 IST" name="close" finished-at="2024-03-26T12:37:10 IST" duration-ms="248" status="PASS">
          <reporter-output>
          </reporter-output>
        </test-method> <!-- close -->
      </class> <!-- Testng.NewTest01 -->
    </test> <!-- Test -->
  </suite> <!-- Demoweb -->
</testng-results>
