<?xml version="1.0" encoding="UTF-8"?>
<testng-results ignored="0" total="1" passed="1" failed="0" skipped="0">
  <reporter-output>
  </reporter-output>
  <suite started-at="2024-03-20T18:50:39 IST" name="Demoweb" finished-at="2024-03-20T18:50:46 IST" duration-ms="7542">
    <groups>
    </groups>
    <test started-at="2024-03-20T18:50:39 IST" name="Test" finished-at="2024-03-20T18:50:46 IST" duration-ms="7542">
      <class name="Testng.NewTest01">
        <test-method is-config="true" signature="launchurl()[pri:0, instance:Testng.NewTest01@5e600dd5]" started-at="2024-03-20T18:50:39 IST" name="launchurl" finished-at="2024-03-20T18:50:45 IST" duration-ms="6840" status="PASS">
          <reporter-output>
          </reporter-output>
        </test-method> <!-- launchurl -->
        <test-method signature="login()[pri:0, instance:Testng.NewTest01@5e600dd5]" started-at="2024-03-20T18:50:45 IST" name="login" finished-at="2024-03-20T18:50:46 IST" duration-ms="551" status="PASS">
          <reporter-output>
          </reporter-output>
        </test-method> <!-- login -->
        <test-method is-config="true" signature="close()[pri:0, instance:Testng.NewTest01@5e600dd5]" started-at="2024-03-20T18:50:46 IST" name="close" finished-at="2024-03-20T18:50:46 IST" duration-ms="104" status="PASS">
          <reporter-output>
          </reporter-output>
        </test-method> <!-- close -->
      </class> <!-- Testng.NewTest01 -->
    </test> <!-- Test -->
  </suite> <!-- Demoweb -->
</testng-results>
