<?xml version="1.0" encoding="UTF-8"?>
<testng-results ignored="0" total="1" passed="1" failed="0" skipped="0">
  <reporter-output>
  </reporter-output>
  <suite started-at="2024-03-20T16:52:14 IST" name="Demoweb" finished-at="2024-03-20T16:52:24 IST" duration-ms="10247">
    <groups>
    </groups>
    <test started-at="2024-03-20T16:52:14 IST" name="Test" finished-at="2024-03-20T16:52:24 IST" duration-ms="10247">
      <class name="Testng.NewTest01">
        <test-method is-config="true" signature="launchurl()[pri:0, instance:Testng.NewTest01@5e600dd5]" started-at="2024-03-20T16:52:14 IST" name="launchurl" finished-at="2024-03-20T16:52:23 IST" duration-ms="8812" status="PASS">
          <reporter-output>
          </reporter-output>
        </test-method> <!-- launchurl -->
        <test-method signature="login()[pri:0, instance:Testng.NewTest01@5e600dd5]" started-at="2024-03-20T16:52:23 IST" name="login" finished-at="2024-03-20T16:52:24 IST" duration-ms="1078" status="PASS">
          <reporter-output>
          </reporter-output>
        </test-method> <!-- login -->
        <test-method is-config="true" signature="close()[pri:0, instance:Testng.NewTest01@5e600dd5]" started-at="2024-03-20T16:52:24 IST" name="close" finished-at="2024-03-20T16:52:24 IST" duration-ms="251" status="PASS">
          <reporter-output>
          </reporter-output>
        </test-method> <!-- close -->
      </class> <!-- Testng.NewTest01 -->
    </test> <!-- Test -->
  </suite> <!-- Demoweb -->
</testng-results>
